[2013-10-20 19:43:48] START
[2013-10-20 19:44:15] CREATE sql.py: 0
[2013-10-20 19:44:21] EDIT GoGreen_Motors_2/models/sql.py: 111
[2013-10-20 19:45:59] EDIT GoGreen_Motors_2/models/db.py: 1
[2013-10-20 19:48:25] EDIT GoGreen_Motors_2/models/db.py: -49
[2013-10-20 19:48:49] EDIT GoGreen_Motors_2/models/db.py: 0
[2013-10-20 19:49:05] EDIT GoGreen_Motors_2/models/db.py: 0
[2013-10-20 19:50:20] EDIT GoGreen_Motors_2/models/db.py: 0
[2013-10-20 19:53:12] DELETE GoGreen_Motors_2/models/sql.py: -111
[2013-10-20 19:58:57] CREATE sql.py: 0
[2013-10-20 19:59:22] EDIT GoGreen_Motors_2/models/sql.py: 111
[2013-10-20 20:00:51] EDIT GoGreen_Motors_2/models/db.py: 0
[2013-10-20 20:01:09] EDIT GoGreen_Motors_2/models/db.py: -49
[2013-10-20 20:10:15] EDIT GoGreen_Motors_2/models/db.py: -6
[2013-10-20 20:16:01] EDIT GoGreen_Motors_2/models/db.py: -244
[2013-10-20 20:21:38] EDIT GoGreen_Motors_2/models/db.py: -122
[2013-10-20 20:24:48] EDIT GoGreen_Motors_2/models/db.py: -61
[2013-10-20 20:31:14] EDIT GoGreen_Motors_2/models/db.py: 0
[2013-10-20 20:34:20] EDIT GoGreen_Motors_2/models/db.py: -61
[2013-10-20 20:34:26] EDIT GoGreen_Motors_2/models/db.py: 0
[2013-10-20 20:34:48] EDIT GoGreen_Motors_2/models/db.py: 0
[2013-10-20 20:35:36] EDIT GoGreen_Motors_2/models/db.py: 0
[2013-10-20 20:36:04] EDIT GoGreen_Motors_2/models/db.py: 0
[2013-10-20 20:37:16] EDIT GoGreen_Motors_2/models/sql.py: -3
[2013-10-20 20:37:38] DELETE GoGreen_Motors_2/models/sql.py: -108
[2013-10-20 20:48:46] EDIT GoGreen_Motors_2/models/db.py: 0
[2013-10-20 20:48:54] CREATE sql.py: 0
[2013-10-20 20:49:12] EDIT GoGreen_Motors_2/models/sql.py: 111
[2013-10-20 20:57:55] EDIT GoGreen_Motors_2/models/db.py: 0
[2013-10-20 20:58:05] EDIT GoGreen_Motors_2/models/db.py: 0
[2013-10-20 20:58:49] EDIT GoGreen_Motors_2/models/db.py: 0
[2013-10-20 20:59:37] EDIT GoGreen_Motors_2/models/db.py: -61
[2013-10-20 21:00:05] EDIT GoGreen_Motors_2/models/db.py: 0
[2013-10-20 21:00:34] EDIT GoGreen_Motors_2/models/db.py: 0
[2013-10-20 21:01:07] EDIT GoGreen_Motors_2/models/db.py: 0
[2013-10-20 21:01:24] DELETE GoGreen_Motors_2/models/sql.py: -111
[2013-10-21 11:50:17] EDIT GoGreen_Motors_2/models/db.py: 10
[2013-10-21 11:57:23] CREATE sql.py: 0
[2013-10-21 11:57:39] EDIT GoGreen_Motors_2/models/sql.py: 111
[2013-10-21 12:02:25] EDIT GoGreen_Motors_2/models/db.py: -134
[2013-10-21 12:02:51] DELETE GoGreen_Motors_2/models/sql.py: -111
[2013-10-21 12:03:30] EDIT GoGreen_Motors_2/models/db.py: -1
[2013-10-21 12:04:41] EDIT GoGreen_Motors_2/models/db.py: 1
[2013-10-21 12:06:09] EDIT GoGreen_Motors_2/models/db.py: -1
[2013-10-21 12:12:03] EDIT GoGreen_Motors_2/models/db.py: -8
[2013-10-21 12:16:13] EDIT GoGreen_Motors_2/models/db.py: 0
[2013-10-21 12:17:04] EDIT GoGreen_Motors_2/models/db.py: 2
[2013-10-21 12:17:36] EDIT GoGreen_Motors_2/models/db.py: 0
[2013-10-21 12:28:56] CREATE sql.py: 0
[2013-10-21 12:29:17] EDIT GoGreen_Motors_2/models/sql.py: 111
[2013-10-21 12:30:35] EDIT GoGreen_Motors_2/models/db.py: -142
[2013-10-21 12:30:49] DELETE GoGreen_Motors_2/models/sql.py: -111
[2013-10-21 12:31:31] EDIT GoGreen_Motors_2/models/db.py: -1
[2013-10-21 12:32:09] EDIT GoGreen_Motors_2/models/db.py: 1
[2013-10-21 12:33:52] EDIT GoGreen_Motors_2/models/db.py: -51
[2013-10-21 12:45:04] EDIT GoGreen_Motors_2/controllers/default.py: 9
[2013-10-21 12:46:53] EDIT GoGreen_Motors_2/models/db.py: 1
[2013-10-21 12:48:17] EDIT GoGreen_Motors_2/controllers/default.py: 7
[2013-10-21 12:50:16] EDIT GoGreen_Motors_2/controllers/default.py: 32
[2013-10-21 12:51:36] EDIT GoGreen_Motors_2/models/db.py: 0
[2013-10-21 12:54:26] EDIT GoGreen_Motors_2/models/db.py: -1
[2013-10-21 13:01:10] CREATE sql.py: 0
[2013-10-21 13:01:14] EDIT GoGreen_Motors_2/models/sql.py: 32
[2013-10-21 13:04:25] EDIT GoGreen_Motors_2/models/sql.py: 79
[2013-10-21 13:04:42] DELETE GoGreen_Motors_2/models/sql.py: -111
[2013-10-21 13:06:23] EDIT GoGreen_Motors_2/models/db.py: -143
[2013-10-21 13:07:20] EDIT GoGreen_Motors_2/models/db.py: 0
[2013-10-21 13:08:30] CREATE default/admin.html: 0
[2013-10-21 13:09:54] EDIT GoGreen_Motors_2/views/default/admin.html: 3
[2013-10-21 13:12:23] EDIT GoGreen_Motors_2/views/default/admin.html: 0
[2013-10-21 13:13:21] EDIT GoGreen_Motors_2/controllers/default.py: 0
[2013-10-21 13:13:36] EDIT GoGreen_Motors_2/controllers/default.py: 0
[2013-10-21 13:13:51] EDIT GoGreen_Motors_2/controllers/default.py: 0
[2013-10-21 13:19:07] EDIT GoGreen_Motors_2/controllers/default.py: 26
[2013-10-21 13:20:03] EDIT GoGreen_Motors_2/views/default/admin.html: 2
[2013-10-21 18:54:08] EDIT GoGreen_Motors_2/controllers/default.py: 26
[2013-10-21 18:54:12] EDIT GoGreen_Motors_2/controllers/default.py: 0
[2013-10-21 18:55:14] EDIT GoGreen_Motors_2/controllers/default.py: 0
[2013-10-21 19:00:47] EDIT GoGreen_Motors_2/views/default/admin.html: 2
[2013-10-21 19:01:14] EDIT GoGreen_Motors_2/controllers/default.py: 0
[2013-10-21 19:04:41] EDIT GoGreen_Motors_2/controllers/default.py: 0
[2013-10-21 19:05:39] EDIT GoGreen_Motors_2/controllers/default.py: 0
[2013-10-21 19:05:45] EDIT GoGreen_Motors_2/views/default/admin.html: 0
[2013-10-21 19:06:15] EDIT GoGreen_Motors_2/controllers/default.py: 0
[2013-10-21 19:10:44] EDIT GoGreen_Motors_2/views/default/admin.html: 3
[2013-10-21 19:11:07] CREATE default/empl.html: 0
[2013-10-21 19:31:35] EDIT GoGreen_Motors_2/models/db.py: 0
[2013-10-21 19:36:17] EDIT GoGreen_Motors_2/controllers/default.py: 11
[2013-10-21 19:36:42] EDIT GoGreen_Motors_2/controllers/default.py: 0
[2013-10-21 19:38:23] EDIT GoGreen_Motors_2/views/default/empl.html: 0
[2013-10-21 19:39:03] EDIT GoGreen_Motors_2/controllers/default.py: 0
[2013-10-21 19:39:28] EDIT GoGreen_Motors_2/controllers/default.py: 0
[2013-10-21 19:40:29] EDIT GoGreen_Motors_2/views/default/empl.html: 1
[2013-10-21 19:41:08] EDIT GoGreen_Motors_2/controllers/default.py: 11
[2013-10-21 19:42:45] EDIT GoGreen_Motors_2/models/db.py: 0
[2013-10-21 19:43:11] EDIT GoGreen_Motors_2/models/db.py: 0
[2013-10-21 19:44:12] EDIT GoGreen_Motors_2/models/db.py: 0
[2013-10-21 19:46:11] EDIT GoGreen_Motors_2/models/db.py: 0
[2013-10-21 19:47:22] EDIT GoGreen_Motors_2/models/db.py: 0
[2013-10-21 19:48:39] EDIT GoGreen_Motors_2/models/db.py: 0
[2013-10-21 19:48:57] EDIT GoGreen_Motors_2/models/db.py: 0
[2013-10-21 19:49:35] EDIT GoGreen_Motors_2/models/db.py: 0
[2013-10-21 19:52:38] EDIT GoGreen_Motors_2/views/default/empl.html: 1
[2013-10-21 19:53:41] EDIT GoGreen_Motors_2/controllers/default.py: 11
[2013-10-21 19:55:02] EDIT GoGreen_Motors_2/views/default/empl.html: 1
[2013-10-21 19:55:54] EDIT GoGreen_Motors_2/controllers/default.py: 11
[2013-10-21 19:56:14] EDIT GoGreen_Motors_2/controllers/default.py: 0
[2013-10-21 20:06:57] CREATE sql.py: 0
[2013-10-21 20:07:22] EDIT GoGreen_Motors_2/models/sql.py: 111
[2013-10-21 20:08:32] EDIT GoGreen_Motors_2/models/db.py: -144
[2013-10-21 20:56:40] EDIT GoGreen_Motors_2/models/db.py: 0
[2013-10-21 20:59:38] EDIT GoGreen_Motors_2/controllers/default.py: 11
[2013-10-21 21:01:12] EDIT GoGreen_Motors_2/controllers/default.py: 0
[2013-10-21 21:01:41] EDIT GoGreen_Motors_2/controllers/default.py: 0
[2013-10-21 21:02:00] DELETE GoGreen_Motors_2/models/sql.py: -111
[2013-10-21 21:02:09] EDIT GoGreen_Motors_2/views/default/empl.html: 1
[2013-10-21 21:03:05] EDIT GoGreen_Motors_2/models/db.py: 0
[2013-10-21 21:03:12] EDIT GoGreen_Motors_2/models/db.py: 0
[2013-10-21 21:08:20] EDIT GoGreen_Motors_2/controllers/default.py: 2
[2013-10-21 21:10:11] EDIT GoGreen_Motors_2/models/db.py: 0
[2013-10-21 21:10:14] EDIT GoGreen_Motors_2/models/db.py: 0
[2013-10-21 21:13:06] EDIT GoGreen_Motors_2/controllers/default.py: 3
[2013-10-21 21:13:25] EDIT GoGreen_Motors_2/controllers/default.py: 1
[2013-10-21 21:13:32] EDIT GoGreen_Motors_2/controllers/default.py: 0
[2013-10-21 21:15:23] EDIT GoGreen_Motors_2/controllers/default.py: 0
[2013-10-21 21:15:39] EDIT GoGreen_Motors_2/controllers/default.py: 0
[2013-10-21 21:16:07] EDIT GoGreen_Motors_2/controllers/default.py: 0
[2013-10-21 21:17:22] EDIT GoGreen_Motors_2/controllers/default.py: 0
[2013-10-21 21:17:28] EDIT GoGreen_Motors_2/controllers/default.py: 1
[2013-10-21 21:17:55] EDIT GoGreen_Motors_2/controllers/default.py: 0
[2013-10-21 21:18:18] EDIT GoGreen_Motors_2/controllers/default.py: 0
[2013-10-21 21:18:30] EDIT GoGreen_Motors_2/controllers/default.py: 0
[2013-10-21 21:19:08] EDIT GoGreen_Motors_2/controllers/default.py: 1
[2013-10-21 21:19:27] EDIT GoGreen_Motors_2/controllers/default.py: 0
[2013-10-21 21:21:22] EDIT GoGreen_Motors_2/controllers/default.py: 0
[2013-10-21 21:21:46] EDIT GoGreen_Motors_2/controllers/default.py: 0
[2013-10-21 21:23:19] EDIT GoGreen_Motors_2/controllers/default.py: 1
[2013-10-21 21:23:29] EDIT GoGreen_Motors_2/controllers/default.py: 2
[2013-10-21 21:23:54] EDIT GoGreen_Motors_2/controllers/default.py: 0
[2013-10-21 21:24:11] EDIT GoGreen_Motors_2/controllers/default.py: 0
[2013-10-21 21:25:04] EDIT GoGreen_Motors_2/controllers/default.py: -1
[2013-10-21 21:25:40] EDIT GoGreen_Motors_2/controllers/default.py: 0
[2013-10-21 21:26:09] EDIT GoGreen_Motors_2/controllers/default.py: 1
[2013-10-21 21:26:22] EDIT GoGreen_Motors_2/controllers/default.py: 0
[2013-10-21 21:26:39] EDIT GoGreen_Motors_2/controllers/default.py: 0
[2013-10-21 21:27:07] EDIT GoGreen_Motors_2/controllers/default.py: 0
[2013-10-21 21:27:48] EDIT GoGreen_Motors_2/controllers/default.py: 1
[2013-10-21 21:28:20] EDIT GoGreen_Motors_2/controllers/default.py: 0
[2013-10-21 21:30:05] EDIT GoGreen_Motors_2/controllers/default.py: 0
[2013-10-21 21:33:38] EDIT GoGreen_Motors_2/models/db.py: 0
[2013-10-21 21:36:58] CREATE sql.py: 0
[2013-10-21 21:37:16] EDIT GoGreen_Motors_2/models/sql.py: 111
[2013-10-21 21:38:21] EDIT GoGreen_Motors_2/models/db.py: -152
[2013-10-21 21:38:26] EDIT GoGreen_Motors_2/controllers/default.py: 0
[2013-10-21 21:38:52] DELETE GoGreen_Motors_2/models/sql.py: -111
[2013-10-21 21:39:56] EDIT GoGreen_Motors_2/models/db.py: 0
[2013-10-21 21:40:20] EDIT GoGreen_Motors_2/models/db.py: 0
[2013-10-21 21:41:56] EDIT GoGreen_Motors_2/controllers/default.py: 1
[2013-10-21 21:42:05] EDIT GoGreen_Motors_2/controllers/default.py: 1
[2013-10-21 21:42:47] EDIT GoGreen_Motors_2/controllers/default.py: 0
[2013-10-21 21:43:23] EDIT GoGreen_Motors_2/controllers/default.py: 0
[2013-10-23 14:54:24] EDIT GoGreen_Motors_2/controllers/default.py: -2
[2013-10-23 14:57:36] EDIT GoGreen_Motors_2/views/default/empl.html: 3
[2013-10-23 14:58:08] EDIT GoGreen_Motors_2/controllers/default.py: 1
[2013-10-23 14:58:15] EDIT GoGreen_Motors_2/controllers/default.py: 1
[2013-10-23 15:03:47] EDIT GoGreen_Motors_2/controllers/default.py: 7
[2013-10-23 15:04:08] CREATE default/order_bike.html: 0
[2013-10-23 15:07:30] EDIT GoGreen_Motors_2/controllers/default.py: 1
[2013-10-23 15:08:16] EDIT GoGreen_Motors_2/controllers/default.py: -1
[2013-10-23 15:09:08] EDIT GoGreen_Motors_2/views/default/order_bike.html: 6
[2013-10-23 15:09:55] CREATE default/view_list.html: 0
[2013-10-23 15:10:23] EDIT GoGreen_Motors_2/views/default/view_list.html: 6
[2013-10-23 15:12:24] EDIT GoGreen_Motors_2/views/default/view_list.html: 1
[2013-10-23 15:12:46] EDIT GoGreen_Motors_2/views/default/order_bike.html: -8
[2013-10-23 15:13:35] EDIT GoGreen_Motors_2/views/default/view_list.html: -2
[2013-10-23 15:14:14] EDIT GoGreen_Motors_2/views/default/view_list.html: 1
[2013-10-23 15:14:36] EDIT GoGreen_Motors_2/views/default/view_list.html: -8
[2013-10-23 15:14:54] EDIT GoGreen_Motors_2/views/default/view_list.html: 8
[2013-10-23 15:15:04] EDIT GoGreen_Motors_2/views/default/empl.html: 1
[2013-10-23 15:15:26] EDIT GoGreen_Motors_2/views/default/empl.html: 0
[2013-10-23 15:16:19] EDIT GoGreen_Motors_2/views/default/empl.html: 0
[2013-10-23 15:16:28] EDIT GoGreen_Motors_2/controllers/default.py: 0
[2013-10-23 15:16:40] CREATE default/list.html: 0
[2013-10-23 15:16:45] EDIT GoGreen_Motors_2/views/default/list.html: 6
[2013-10-23 15:17:18] EDIT GoGreen_Motors_2/views/default/list.html: 0
[2013-10-23 15:17:57] DELETE GoGreen_Motors_2/views/default/view_list.html: -9
[2013-10-23 15:20:51] EDIT GoGreen_Motors_2/controllers/default.py: 4
[2013-10-23 15:21:27] EDIT GoGreen_Motors_2/controllers/default.py: 3
[2013-10-23 15:26:17] EDIT GoGreen_Motors_2/views/default/order_bike.html: 10
[2013-10-23 15:26:37] EDIT GoGreen_Motors_2/controllers/default.py: 0
[2013-10-23 15:26:43] EDIT GoGreen_Motors_2/controllers/default.py: 0
[2013-10-23 15:27:05] EDIT GoGreen_Motors_2/views/default/empl.html: 0
[2013-10-23 15:27:51] EDIT GoGreen_Motors_2/views/default/empl.html: 0
[2013-10-23 15:27:59] EDIT GoGreen_Motors_2/controllers/default.py: 0
[2013-10-23 15:28:07] CREATE default/order_bikes.html: 0
[2013-10-23 15:28:27] EDIT GoGreen_Motors_2/views/default/order_bikes.html: 8
[2013-10-23 15:28:53] DELETE GoGreen_Motors_2/views/default/order_bike.html: -11
[2013-10-23 15:29:24] EDIT GoGreen_Motors_2/views/default/empl.html: 0
[2013-10-23 15:35:02] EDIT GoGreen_Motors_2/controllers/default.py: 4
[2013-10-23 15:35:18] EDIT GoGreen_Motors_2/controllers/default.py: -1
[2013-10-23 15:37:15] EDIT GoGreen_Motors_2/controllers/default.py: 1
[2013-10-23 15:40:22] EDIT GoGreen_Motors_2/controllers/default.py: 0
[2013-10-23 15:40:46] EDIT GoGreen_Motors_2/controllers/default.py: 0
[2013-10-23 15:41:03] EDIT GoGreen_Motors_2/controllers/default.py: -1
[2013-10-23 16:23:39] CREATE default/add_employee.html: 0
[2013-10-23 16:24:19] CREATE default/delete_employee.html: 0
[2013-10-23 16:24:48] CREATE default/add_model.html: 0
[2013-10-23 16:25:28] CREATE default/del_model.html: 0
[2013-10-23 16:26:13] CREATE default/add_other_product.html: 0
[2013-10-23 16:26:30] CREATE default/del_other_product.html: 0
[2013-10-23 16:27:08] CREATE default/add_customer.html: 0
[2013-10-23 16:27:30] CREATE default/add_sale.html: 0
[2013-10-23 16:27:59] CREATE default/add_bike.html: 0
[2013-10-23 16:28:22] CREATE default_order_bike.html: 0
[2013-10-23 16:29:16] CREATE default/sell_bike.html: 0
[2013-10-23 16:29:39] CREATE default/add_expense.html: 0
[2013-10-23 17:57:54] EDIT GoGreen_Motors_2/views/default/empl.html: 0
[2013-10-23 17:58:40] EDIT GoGreen_Motors_2/views/default/empl.html: 0
[2013-10-23 17:59:12] EDIT GoGreen_Motors_2/views/default/empl.html: 0
[2013-10-23 17:59:26] EDIT GoGreen_Motors_2/views/default/empl.html: 0
[2013-10-23 18:02:18] EDIT GoGreen_Motors_2/views/default/admin.html: 1
[2013-10-23 18:03:00] EDIT GoGreen_Motors_2/views/default/admin.html: 0
[2013-10-23 18:04:15] EDIT GoGreen_Motors_2/views/default/add_employee.html: 0
[2013-10-23 18:05:01] EDIT GoGreen_Motors_2/views/default/add_employee.html: 0
[2013-10-23 18:05:30] EDIT GoGreen_Motors_2/views/default/admin.html: 0
[2013-10-23 18:06:30] EDIT GoGreen_Motors_2/views/default/delete_employee.html: 0
[2013-10-23 18:07:15] EDIT GoGreen_Motors_2/views/default/add_model.html: 0
[2013-10-23 18:07:51] EDIT GoGreen_Motors_2/views/default/del_model.html: 0
[2013-10-23 18:08:28] EDIT GoGreen_Motors_2/views/default/add_other_product.html: 0
[2013-10-23 18:09:07] EDIT GoGreen_Motors_2/views/default/del_other_product.html: 0
[2013-10-23 18:09:52] EDIT GoGreen_Motors_2/views/default/add_customer.html: 0
[2013-10-23 18:10:26] EDIT GoGreen_Motors_2/views/default/add_sale.html: 0
[2013-10-23 18:11:32] CREATE default/order_bike.html: 0
[2013-10-23 18:11:52] EDIT GoGreen_Motors_2/views/default/order_bike.html: 0
[2013-10-23 18:12:33] EDIT GoGreen_Motors_2/views/default/sell_bike.html: 0
[2013-10-23 18:13:16] EDIT GoGreen_Motors_2/views/default/add_expense.html: 0
[2013-10-23 18:14:18] EDIT GoGreen_Motors_2/views/default/list.html: 1
[2013-10-23 18:14:48] EDIT GoGreen_Motors_2/views/default/order_bikes.html: 1
[2013-11-04 15:41:02] EDIT GoGreen_Motors_2/controllers/default.py: 12
[2013-11-04 15:41:17] EDIT GoGreen_Motors_2/controllers/default.py: 0
[2013-11-04 15:41:39] EDIT GoGreen_Motors_2/controllers/default.py: 0
[2013-11-04 15:42:13] EDIT GoGreen_Motors_2/controllers/default.py: -1
[2013-11-04 15:42:31] EDIT GoGreen_Motors_2/controllers/default.py: 0
[2013-11-04 15:49:31] EDIT GoGreen_Motors_2/controllers/default.py: 0
[2013-11-04 15:54:28] EDIT GoGreen_Motors_2/controllers/default.py: 5
[2013-11-04 15:54:38] EDIT GoGreen_Motors_2/controllers/default.py: 0
[2013-11-04 15:55:32] EDIT GoGreen_Motors_2/views/default/admin.html: 1
[2013-11-04 15:56:47] EDIT GoGreen_Motors_2/controllers/default.py: 1
[2013-11-04 15:57:56] EDIT GoGreen_Motors_2/controllers/default.py: 0
[2013-11-04 15:58:20] EDIT GoGreen_Motors_2/controllers/default.py: 0
[2013-11-04 15:59:18] EDIT GoGreen_Motors_2/controllers/default.py: 1
[2013-11-04 16:00:23] CREATE default/edit_empl.html: 0
[2013-11-04 16:10:22] EDIT GoGreen_Motors_2/views/default/edit_empl.html: 11
[2013-11-04 16:10:50] EDIT GoGreen_Motors_2/views/default/edit_empl.html: 1
[2013-11-04 16:12:48] EDIT GoGreen_Motors_2/views/default/edit_empl.html: 0
[2013-11-04 16:14:46] EDIT GoGreen_Motors_2/views/default/edit_empl.html: 1
[2013-11-04 16:16:09] EDIT GoGreen_Motors_2/controllers/default.py: 12
[2013-11-04 16:16:52] EDIT GoGreen_Motors_2/views/default/edit_empl.html: 0
[2013-11-04 16:18:22] EDIT GoGreen_Motors_2/views/default/edit_empl.html: 0
[2013-11-04 16:18:25] EDIT GoGreen_Motors_2/controllers/default.py: 0
[2013-11-04 16:19:39] EDIT GoGreen_Motors_2/controllers/default.py: 1
[2013-11-04 16:20:32] EDIT GoGreen_Motors_2/controllers/default.py: 0
[2013-11-04 16:20:42] EDIT GoGreen_Motors_2/controllers/default.py: 0
[2013-11-04 16:22:43] EDIT GoGreen_Motors_2/views/default/admin.html: 1
[2013-11-04 16:23:45] EDIT GoGreen_Motors_2/controllers/default.py: 0
[2013-11-05 00:11:58] EDIT GoGreen_Motors_2/controllers/default.py: 5
[2013-11-05 00:12:18] CREATE default/search.html: 0
[2013-11-05 00:12:47] EDIT GoGreen_Motors_2/views/default/search.html: 1
[2013-11-05 00:13:30] EDIT GoGreen_Motors_2/views/default/admin.html: 0
[2013-11-05 00:20:01] EDIT GoGreen_Motors_2/controllers/default.py: 6
[2013-11-05 00:26:24] EDIT GoGreen_Motors_2/controllers/default.py: 0
[2013-11-05 00:26:36] EDIT GoGreen_Motors_2/controllers/default.py: 0
[2013-11-05 00:26:46] EDIT GoGreen_Motors_2/controllers/default.py: 0
[2013-11-05 00:27:05] EDIT GoGreen_Motors_2/controllers/default.py: 0
[2013-11-05 00:27:13] EDIT GoGreen_Motors_2/controllers/default.py: 0
[2013-11-05 00:30:33] EDIT GoGreen_Motors_2/controllers/default.py: 1
[2013-11-05 00:30:34] EDIT GoGreen_Motors_2/controllers/default.py: 0
[2013-11-05 00:31:56] EDIT GoGreen_Motors_2/controllers/default.py: 2
[2013-11-05 00:32:34] EDIT GoGreen_Motors_2/controllers/default.py: 0
[2013-11-05 00:34:34] EDIT GoGreen_Motors_2/controllers/default.py: 0
[2013-11-05 00:34:46] EDIT GoGreen_Motors_2/controllers/default.py: 0
[2013-11-05 00:35:11] EDIT GoGreen_Motors_2/controllers/default.py: 0
[2013-11-05 00:35:20] EDIT GoGreen_Motors_2/controllers/default.py: 0
[2013-11-05 00:36:34] EDIT GoGreen_Motors_2/controllers/default.py: 0
[2013-11-05 00:37:46] EDIT GoGreen_Motors_2/controllers/default.py: 0
[2013-11-05 00:38:12] EDIT GoGreen_Motors_2/controllers/default.py: 0
[2013-11-05 00:38:49] EDIT GoGreen_Motors_2/controllers/default.py: 0
[2013-11-05 00:38:57] EDIT GoGreen_Motors_2/controllers/default.py: 0
[2013-11-05 00:39:01] EDIT GoGreen_Motors_2/controllers/default.py: 0
[2013-11-05 00:41:22] EDIT GoGreen_Motors_2/controllers/default.py: 2
[2013-11-05 00:41:26] EDIT GoGreen_Motors_2/controllers/default.py: 0
[2013-11-05 00:42:24] EDIT GoGreen_Motors_2/controllers/default.py: 0
[2013-11-05 00:42:47] EDIT GoGreen_Motors_2/controllers/default.py: 1
[2013-11-05 00:42:57] EDIT GoGreen_Motors_2/controllers/default.py: 0
[2013-11-05 00:43:11] EDIT GoGreen_Motors_2/controllers/default.py: 0
[2013-11-05 00:43:21] EDIT GoGreen_Motors_2/controllers/default.py: 0
[2013-11-05 00:44:27] EDIT GoGreen_Motors_2/controllers/default.py: 1
[2013-11-05 00:44:47] EDIT GoGreen_Motors_2/controllers/default.py: 0
[2013-11-05 00:44:53] EDIT GoGreen_Motors_2/controllers/default.py: 0
[2013-11-05 00:44:57] EDIT GoGreen_Motors_2/controllers/default.py: -1
[2013-11-05 00:45:39] EDIT GoGreen_Motors_2/controllers/default.py: 1
[2013-11-05 00:46:07] EDIT GoGreen_Motors_2/controllers/default.py: 0
[2013-11-05 00:46:11] EDIT GoGreen_Motors_2/controllers/default.py: 0
[2013-11-05 00:46:25] EDIT GoGreen_Motors_2/controllers/default.py: 0
[2013-11-05 00:46:38] EDIT GoGreen_Motors_2/controllers/default.py: 1
[2013-11-05 00:46:40] EDIT GoGreen_Motors_2/controllers/default.py: 0
[2013-11-05 00:46:53] EDIT GoGreen_Motors_2/controllers/default.py: 0
[2013-11-05 00:47:29] EDIT GoGreen_Motors_2/controllers/default.py: 0
[2013-11-05 00:47:54] EDIT GoGreen_Motors_2/controllers/default.py: 0
[2013-11-05 00:48:06] EDIT GoGreen_Motors_2/controllers/default.py: 0
[2013-11-05 00:48:26] EDIT GoGreen_Motors_2/controllers/default.py: 0
[2013-11-05 00:49:01] EDIT GoGreen_Motors_2/controllers/default.py: 0
[2013-11-05 00:49:49] EDIT GoGreen_Motors_2/controllers/default.py: 0
[2013-11-05 00:50:03] EDIT GoGreen_Motors_2/controllers/default.py: 1
[2013-11-05 00:50:19] EDIT GoGreen_Motors_2/controllers/default.py: 0
[2013-11-05 00:51:21] EDIT GoGreen_Motors_2/controllers/default.py: 0
[2013-11-05 00:54:47] EDIT GoGreen_Motors_2/views/default/edit_empl.html: 0
[2013-11-05 00:55:40] EDIT GoGreen_Motors_2/views/default/edit_empl.html: 0
[2013-11-05 00:56:59] EDIT GoGreen_Motors_2/controllers/default.py: 5
[2013-11-05 00:57:07] EDIT GoGreen_Motors_2/controllers/default.py: -5
[2013-11-05 00:57:13] EDIT GoGreen_Motors_2/controllers/default.py: 0
[2013-11-05 00:57:20] EDIT GoGreen_Motors_2/controllers/default.py: 0
[2013-11-05 00:57:35] EDIT GoGreen_Motors_2/controllers/default.py: 0
[2013-11-05 00:58:06] EDIT GoGreen_Motors_2/controllers/default.py: 0
[2013-11-05 00:58:30] EDIT GoGreen_Motors_2/controllers/default.py: 0
[2013-11-05 00:59:44] CREATE default/edit_empl_2.html: 0
[2013-11-05 00:59:49] EDIT GoGreen_Motors_2/views/default/edit_empl_2.html: -2
[2013-11-05 00:59:57] EDIT GoGreen_Motors_2/views/default/edit_empl.html: 0
[2013-11-05 01:00:26] EDIT GoGreen_Motors_2/views/default/edit_empl.html: 0
[2013-11-05 01:00:37] EDIT GoGreen_Motors_2/views/default/edit_empl_2.html: 15
[2013-11-05 01:02:19] EDIT GoGreen_Motors_2/controllers/default.py: 12
[2013-11-05 01:02:32] EDIT GoGreen_Motors_2/controllers/default.py: 0
[2013-11-05 01:02:39] EDIT GoGreen_Motors_2/controllers/default.py: 0
[2013-11-05 01:03:29] EDIT GoGreen_Motors_2/controllers/default.py: 0
[2013-11-05 01:03:35] EDIT GoGreen_Motors_2/views/default/edit_empl.html: 0
[2013-11-05 01:03:41] EDIT GoGreen_Motors_2/controllers/default.py: 0
[2013-11-05 01:05:43] EDIT GoGreen_Motors_2/controllers/default.py: 0
[2013-11-05 01:07:22] EDIT GoGreen_Motors_2/views/default/edit_empl.html: 0
[2013-11-05 01:07:38] EDIT GoGreen_Motors_2/views/default/edit_empl.html: 0
[2013-11-05 01:08:54] EDIT GoGreen_Motors_2/views/default/edit_empl.html: 0
[2013-11-05 01:10:20] EDIT GoGreen_Motors_2/controllers/default.py: 0
[2013-11-05 01:10:41] DELETE GoGreen_Motors_2/views/default/edit_empl.html: -16
[2013-11-05 01:10:54] CREATE default/show_empl.html: 0
[2013-11-05 01:10:58] EDIT GoGreen_Motors_2/views/default/show_empl.html: 13
[2013-11-05 01:12:52] EDIT GoGreen_Motors_2/views/default/show_empl.html: -8
[2013-11-05 01:13:12] EDIT GoGreen_Motors_2/controllers/default.py: -12
[2013-11-05 01:13:52] EDIT GoGreen_Motors_2/views/default/show_empl.html: 0
[2013-11-05 01:14:20] EDIT GoGreen_Motors_2/views/default/show_empl.html: 0
[2013-11-05 01:15:48] EDIT GoGreen_Motors_2/controllers/default.py: 0
[2013-11-05 01:16:44] EDIT GoGreen_Motors_2/views/default/empl.html: 1
[2013-11-05 01:17:03] EDIT GoGreen_Motors_2/views/default/admin.html: 0
[2013-11-05 01:18:00] EDIT GoGreen_Motors_2/controllers/default.py: 14
[2013-11-05 01:18:51] EDIT GoGreen_Motors_2/controllers/default.py: 5
[2013-11-05 01:18:54] EDIT GoGreen_Motors_2/controllers/default.py: 0
[2013-11-05 01:29:34] EDIT GoGreen_Motors_2/controllers/default.py: 0
[2013-11-05 01:29:48] EDIT GoGreen_Motors_2/controllers/default.py: 0
[2013-11-05 01:34:17] CREATE default/show_cust.html: 0
[2013-11-05 01:34:27] EDIT GoGreen_Motors_2/views/default/show_cust.html: -2
[2013-11-05 01:36:27] EDIT GoGreen_Motors_2/views/default/show_cust.html: 2
[2013-11-05 01:37:40] EDIT GoGreen_Motors_2/views/default/show_cust.html: 3
[2013-11-05 01:38:18] EDIT GoGreen_Motors_2/views/default/empl.html: 0
[2013-11-05 01:38:55] EDIT GoGreen_Motors_2/views/default/show_cust.html: 0
[2013-11-05 01:40:09] EDIT GoGreen_Motors_2/views/default/empl.html: 0
[2013-11-05 01:41:29] EDIT GoGreen_Motors_2/views/default/empl.html: 0
[2013-11-05 01:41:42] EDIT GoGreen_Motors_2/views/default/empl.html: 0
[2013-11-05 17:59:58] CREATE default/callback.html: 0
[2013-11-05 18:00:26] CREATE default/search2.html: 0
[2013-11-05 18:01:19] CREATE default/editemp.html: 0
[2013-11-05 18:01:39] CREATE default/edit_emp.html: 0
[2013-11-05 18:02:40] CREATE edit_emp_3.html: 0
[2013-11-05 18:17:59] EDIT GoGreen_Motors_2/views/default/admin.html: 0
[2013-11-05 18:36:01] EDIT GoGreen_Motors_2/views/default/admin.html: 3
[2013-11-05 18:36:46] EDIT GoGreen_Motors_2/views/default/admin.html: 4
[2013-11-05 18:37:10] EDIT GoGreen_Motors_2/views/default/admin.html: 2
[2013-11-05 18:37:50] EDIT GoGreen_Motors_2/views/default/admin.html: 2
[2013-11-05 18:38:59] EDIT GoGreen_Motors_2/views/default/delete_employee.html: -1
[2013-11-05 18:39:17] EDIT GoGreen_Motors_2/views/default/delete_employee.html: 1
[2013-11-05 18:40:26] EDIT GoGreen_Motors_2/views/default/delete_employee.html: 0
[2013-11-05 18:41:58] EDIT GoGreen_Motors_2/controllers/default.py: 12
[2013-11-05 18:42:21] EDIT GoGreen_Motors_2/controllers/default.py: 0
[2013-11-05 18:44:37] EDIT GoGreen_Motors_2/controllers/default.py: 5
[2013-11-05 19:01:16] EDIT GoGreen_Motors_2/controllers/default.py: 0
[2013-11-05 19:01:48] EDIT GoGreen_Motors_2/controllers/default.py: 2
[2013-11-05 19:02:09] EDIT GoGreen_Motors_2/controllers/default.py: 1
[2013-11-05 19:02:37] CREATE default/edit_model_2.html: 0
[2013-11-05 19:05:45] EDIT GoGreen_Motors_2/views/default/edit_model_2.html: 3
[2013-11-05 19:06:45] EDIT GoGreen_Motors_2/views/default/edit_model_2.html: 2
[2013-11-05 19:06:48] EDIT GoGreen_Motors_2/views/default/edit_model_2.html: 1
[2013-11-05 19:09:14] EDIT GoGreen_Motors_2/views/default/edit_model_2.html: 1
[2013-11-05 19:13:21] EDIT GoGreen_Motors_2/controllers/default.py: 6
[2013-11-05 19:14:17] EDIT GoGreen_Motors_2/controllers/default.py: 0
[2013-11-05 19:15:05] EDIT GoGreen_Motors_2/views/default/admin.html: 1
[2013-11-05 19:15:28] EDIT GoGreen_Motors_2/controllers/default.py: 0
[2013-11-05 19:15:45] EDIT GoGreen_Motors_2/controllers/default.py: 0
[2013-11-05 19:16:14] EDIT GoGreen_Motors_2/views/default/edit_model_2.html: 0
[2013-11-05 19:17:32] EDIT GoGreen_Motors_2/controllers/default.py: 0
[2013-11-05 19:17:55] EDIT GoGreen_Motors_2/views/default/edit_model_2.html: 0
[2013-11-05 19:18:05] EDIT GoGreen_Motors_2/controllers/default.py: 1
[2013-11-05 19:18:20] EDIT GoGreen_Motors_2/controllers/default.py: 0
[2013-11-05 19:18:48] EDIT GoGreen_Motors_2/controllers/default.py: 0
[2013-11-05 19:19:55] EDIT GoGreen_Motors_2/views/default/empl.html: 0
[2013-11-05 19:26:13] EDIT GoGreen_Motors_2/controllers/default.py: 27
[2013-11-05 19:26:28] CREATE default/edit_cust.html: 0
[2013-11-05 19:26:39] EDIT GoGreen_Motors_2/views/default/edit_cust.html: -1
[2013-11-05 19:27:01] DELETE GoGreen_Motors_2/views/edit_emp_3.html: -3
[2013-11-05 19:27:14] CREATE default/edit_cust_2.html: 0
[2013-11-05 19:29:37] EDIT GoGreen_Motors_2/views/default/edit_cust_2.html: 4
[2013-11-05 19:30:01] EDIT GoGreen_Motors_2/views/default/edit_cust_2.html: 2
[2013-11-05 19:30:27] EDIT GoGreen_Motors_2/views/default/edit_cust_2.html: 1
[2013-11-05 19:30:46] EDIT GoGreen_Motors_2/controllers/default.py: 0
[2013-11-05 19:30:51] EDIT GoGreen_Motors_2/views/default/edit_cust_2.html: 0
[2013-11-05 19:31:37] EDIT GoGreen_Motors_2/views/default/empl.html: 1
[2013-11-05 19:35:57] EDIT GoGreen_Motors_2/controllers/default.py: 3
[2013-11-05 19:36:01] EDIT GoGreen_Motors_2/controllers/default.py: 0
[2013-11-05 19:37:18] EDIT GoGreen_Motors_2/controllers/default.py: 5
[2013-11-05 19:37:46] CREATE default/show_prd.html: 0
[2013-11-05 19:39:28] EDIT GoGreen_Motors_2/views/default/show_prd.html: 2
[2013-11-05 19:40:07] EDIT GoGreen_Motors_2/controllers/default.py: 0
[2013-11-05 19:40:47] EDIT GoGreen_Motors_2/controllers/default.py: 0
[2013-11-05 19:41:33] EDIT GoGreen_Motors_2/controllers/default.py: 0
[2013-11-05 19:41:53] EDIT GoGreen_Motors_2/controllers/default.py: 0
[2013-11-05 19:42:47] EDIT GoGreen_Motors_2/controllers/default.py: 0
[2013-11-05 19:42:59] EDIT GoGreen_Motors_2/controllers/default.py: 0
[2013-11-05 19:43:26] EDIT GoGreen_Motors_2/views/default/show_prd.html: 0
[2013-11-05 19:44:33] EDIT GoGreen_Motors_2/controllers/default.py: 2
[2013-11-05 19:45:19] EDIT GoGreen_Motors_2/controllers/default.py: 1
[2013-11-05 19:45:26] EDIT GoGreen_Motors_2/controllers/default.py: 0
[2013-11-05 19:45:58] EDIT GoGreen_Motors_2/controllers/default.py: 5
[2013-11-05 19:46:16] EDIT GoGreen_Motors_2/controllers/default.py: 0
[2013-11-05 19:46:38] CREATE default/show_model.html: 0
[2013-11-05 19:48:25] EDIT GoGreen_Motors_2/views/default/show_model.html: 3
[2013-11-05 19:50:22] EDIT GoGreen_Motors_2/views/default/search2.html: -1
[2013-11-05 19:51:02] EDIT GoGreen_Motors_2/views/default/search2.html: 3
[2013-11-05 19:51:48] EDIT GoGreen_Motors_2/views/default/admin.html: 0
[2013-11-05 19:52:38] EDIT GoGreen_Motors_2/views/default/show_model.html: 0
[2013-11-05 19:53:33] EDIT GoGreen_Motors_2/controllers/default.py: 0
[2013-11-05 19:54:45] EDIT GoGreen_Motors_2/views/default/order_bike.html: 0
[2013-11-05 19:54:58] EDIT GoGreen_Motors_2/views/default/order_bike.html: 0
[2013-11-05 19:55:51] EDIT GoGreen_Motors_2/views/default/sell_bike.html: 0
[2013-11-05 19:56:48] EDIT GoGreen_Motors_2/views/default/sell_bike.html: 0
[2013-11-05 19:57:00] EDIT GoGreen_Motors_2/views/default/sell_bike.html: 0
[2013-11-05 19:57:38] EDIT GoGreen_Motors_2/views/default/list.html: 0
[2013-11-05 20:00:27] EDIT GoGreen_Motors_2/views/default/admin.html: 0
[2013-11-05 20:01:15] EDIT GoGreen_Motors_2/views/default/admin.html: 0
[2013-11-05 20:02:16] EDIT GoGreen_Motors_2/views/default/admin.html: 1
[2013-11-05 20:02:40] EDIT GoGreen_Motors_2/views/default/admin.html: 0
