[2013-08-26 00:37:14] START
[2013-08-26 00:55:43] EDIT SSAD/controllers/default.py: 9
[2013-08-26 00:56:05] EDIT SSAD/views/default/index.html: -13
[2013-08-26 00:56:25] EDIT SSAD/views/default/index.html: -8
[2013-08-26 00:57:28] EDIT SSAD/controllers/default.py: 0
[2013-08-26 01:05:13] EDIT SSAD/controllers/default.py: 8
[2013-08-26 01:06:01] CREATE default/admin.html: 0
[2013-08-26 01:06:04] EDIT SSAD/views/default/admin.html: 0
[2013-08-26 01:07:08] EDIT SSAD/controllers/default.py: -1
[2013-08-26 01:08:12] EDIT SSAD/controllers/default.py: 0
[2013-08-26 01:08:45] EDIT SSAD/controllers/default.py: 0
[2013-08-26 01:09:40] EDIT SSAD/views/default/admin.html: 1
[2013-08-26 01:09:53] EDIT SSAD/views/default/admin.html: -1
[2013-08-26 01:10:40] EDIT SSAD/views/default/admin.html: 1
[2013-08-26 01:10:45] EDIT SSAD/controllers/default.py: 2
[2013-08-26 01:11:30] EDIT SSAD/controllers/default.py: 2
[2013-08-26 01:12:11] EDIT SSAD/views/default/admin.html: -2
[2013-08-26 01:13:34] EDIT SSAD/views/default/admin.html: 1
[2013-08-26 01:16:30] EDIT SSAD/views/default/admin.html: 2
[2013-08-26 01:16:34] EDIT SSAD/views/default/admin.html: 0
[2013-08-26 01:17:40] CREATE default/add_category.html: 0
[2013-08-26 01:18:14] CREATE default/delete_user.html: 0
[2013-08-26 01:18:26] CREATE default/delete_post.html: 0
[2013-08-26 01:19:03] EDIT SSAD/controllers/default.py: 0
[2013-08-26 01:19:49] EDIT SSAD/controllers/default.py: 6
[2013-08-26 01:28:44] EDIT SSAD/controllers/default.py: 0
[2013-08-26 01:30:43] CREATE default/user/register.html: 0
[2013-08-26 01:30:44] EDIT SSAD/views/default/user/register.html: 0
[2013-08-26 01:31:00] EDIT SSAD/views/default/user/register.html: 0
[2013-08-26 01:31:08] DELETE SSAD/views/default/user/register.html: -3
[2013-08-26 12:52:14] EDIT SSAD/models/db.py: 5
[2013-08-26 12:52:21] EDIT SSAD/models/db.py: -1
[2013-08-26 12:54:46] EDIT SSAD/models/db.py: 1
[2013-08-26 12:56:58] EDIT SSAD/models/db.py: 3
[2013-08-26 12:57:57] EDIT SSAD/models/db.py: 0
[2013-08-26 12:58:22] EDIT SSAD/models/db.py: 0
[2013-08-26 12:58:39] EDIT SSAD/models/db.py: 0
[2013-08-26 12:58:57] EDIT SSAD/models/db.py: 0
[2013-08-26 12:59:02] EDIT SSAD/models/db.py: 0
[2013-08-26 13:02:59] EDIT SSAD/views/default/add_category.html: 3
[2013-08-26 13:05:35] EDIT SSAD/controllers/default.py: 7
[2013-08-26 13:06:47] CREATE default/add_category_2.html: 0
[2013-08-26 13:07:09] EDIT SSAD/views/default/add_category_2.html: 0
[2013-08-26 13:07:57] EDIT SSAD/views/default/add_category_2.html: 0
[2013-08-26 13:08:15] EDIT SSAD/views/default/add_category_2.html: 0
[2013-08-26 13:08:34] EDIT SSAD/views/default/add_category_2.html: 0
[2013-08-26 13:11:24] EDIT SSAD/views/default/add_category_2.html: 1
[2013-08-26 13:12:06] EDIT SSAD/views/default/add_category_2.html: 2
[2013-08-26 13:18:45] EDIT SSAD/controllers/default.py: 9
[2013-08-26 13:19:26] EDIT SSAD/controllers/default.py: 0
[2013-08-26 13:20:30] EDIT SSAD/controllers/default.py: 1
[2013-08-26 13:20:43] EDIT SSAD/views/default/add_category_2.html: 0
[2013-08-26 13:21:04] EDIT SSAD/controllers/default.py: 0
[2013-08-26 13:22:14] EDIT SSAD/controllers/default.py: 0
[2013-08-26 13:24:48] EDIT SSAD/controllers/default.py: 0
[2013-08-26 13:25:54] EDIT SSAD/controllers/default.py: 1
[2013-08-26 13:26:08] EDIT SSAD/controllers/default.py: 0
[2013-08-26 13:26:24] EDIT SSAD/controllers/default.py: 0
[2013-08-26 13:27:49] EDIT SSAD/controllers/default.py: 1
[2013-08-26 13:28:29] EDIT SSAD/controllers/default.py: 1
[2013-08-26 13:29:01] EDIT SSAD/controllers/default.py: -2
[2013-08-26 13:30:16] EDIT SSAD/controllers/default.py: 2
[2013-08-26 13:31:10] EDIT SSAD/controllers/default.py: 2
[2013-08-26 13:31:46] EDIT SSAD/controllers/default.py: 1
[2013-08-26 13:32:38] EDIT SSAD/controllers/default.py: 0
[2013-08-26 19:27:13] EDIT SSAD/controllers/default.py: 0
[2013-08-26 19:28:36] EDIT SSAD/controllers/default.py: 1
[2013-08-26 19:31:09] EDIT SSAD/controllers/default.py: 0
[2013-08-26 19:31:50] EDIT SSAD/controllers/default.py: 0
[2013-08-26 19:31:56] EDIT SSAD/controllers/default.py: 0
[2013-08-26 19:32:54] EDIT SSAD/controllers/default.py: 0
[2013-08-26 19:34:20] EDIT SSAD/controllers/default.py: -1
[2013-08-26 19:34:48] EDIT SSAD/controllers/default.py: 0
[2013-08-26 19:37:32] EDIT SSAD/controllers/default.py: -1
[2013-08-26 19:40:31] EDIT SSAD/controllers/default.py: 0
[2013-08-26 19:45:48] EDIT SSAD/controllers/default.py: 0
[2013-08-26 19:48:13] EDIT SSAD/controllers/default.py: 2
[2013-08-26 19:49:55] EDIT SSAD/controllers/default.py: -2
[2013-08-26 19:52:55] EDIT SSAD/models/db.py: 0
[2013-08-26 19:55:05] EDIT SSAD/controllers/default.py: 1
[2013-08-26 19:56:10] EDIT SSAD/controllers/default.py: 0
[2013-08-26 19:56:30] EDIT SSAD/controllers/default.py: 0
[2013-08-26 19:57:32] EDIT SSAD/controllers/default.py: -1
[2013-08-26 19:58:02] EDIT SSAD/controllers/default.py: 1
[2013-08-26 20:04:22] EDIT SSAD/controllers/default.py: 16
[2013-08-26 20:05:02] EDIT SSAD/controllers/default.py: -1
[2013-08-26 20:06:27] EDIT SSAD/controllers/default.py: 0
[2013-08-26 20:08:50] EDIT SSAD/views/default/delete_user.html: 0
[2013-08-26 20:11:55] EDIT SSAD/controllers/default.py: 7
[2013-08-26 20:17:58] EDIT SSAD/controllers/default.py: 4
[2013-08-26 20:18:28] EDIT SSAD/controllers/default.py: 0
[2013-08-26 20:21:07] EDIT SSAD/controllers/default.py: 1
[2013-08-26 20:23:04] EDIT SSAD/controllers/default.py: -1
[2013-08-26 20:23:51] EDIT SSAD/controllers/default.py: -1
[2013-08-26 20:24:10] EDIT SSAD/controllers/default.py: 0
[2013-08-26 20:24:30] CREATE default/delete_user_2.html: 0
[2013-08-26 20:25:00] EDIT SSAD/views/default/delete_user_2.html: -1
[2013-08-26 20:26:57] EDIT SSAD/controllers/default.py: 7
[2013-08-26 20:27:36] EDIT SSAD/views/default/delete_user_2.html: 0
[2013-08-26 20:34:49] EDIT SSAD/models/db.py: 0
[2013-08-26 20:37:15] EDIT SSAD/models/db.py: 2
[2013-08-26 20:38:14] EDIT SSAD/models/db.py: 0
[2013-08-26 20:39:20] EDIT SSAD/models/db.py: 0
[2013-08-26 20:39:30] EDIT SSAD/models/db.py: 0
[2013-08-26 20:44:47] EDIT SSAD/models/db.py: 0
[2013-08-26 20:53:02] EDIT SSAD/models/db.py: 1
[2013-08-26 20:53:16] EDIT SSAD/models/db.py: 0
[2013-08-26 20:53:25] EDIT SSAD/models/db.py: 0
[2013-08-26 20:53:45] EDIT SSAD/models/db.py: 0
[2013-08-26 20:56:32] EDIT SSAD/views/default/index.html: 1
[2013-08-26 21:03:14] EDIT SSAD/controllers/default.py: 8
[2013-08-26 21:03:39] CREATE default/post_link.html: 0
[2013-08-26 21:20:59] EDIT SSAD/views/default/post_link.html: 3
[2013-08-26 21:23:06] EDIT SSAD/controllers/default.py: 4
[2013-08-26 21:25:19] EDIT SSAD/views/default/post_link.html: 4
[2013-08-26 21:25:26] EDIT SSAD/views/default/post_link.html: 0
[2013-08-26 21:27:55] EDIT SSAD/views/default/post_link.html: 1
[2013-08-26 21:27:57] EDIT SSAD/controllers/default.py: 4
[2013-08-26 21:29:22] EDIT SSAD/views/default/post_link.html: 0
[2013-08-26 21:29:53] EDIT SSAD/controllers/default.py: 4
[2013-08-26 21:44:38] EDIT SSAD/models/db.py: 0
[2013-08-26 21:46:25] EDIT SSAD/controllers/default.py: 4
[2013-08-26 21:47:19] CREATE default/post_link_2.html: 0
[2013-08-26 21:47:29] EDIT SSAD/views/default/post_link_2.html: -1
[2013-08-26 21:48:02] EDIT SSAD/controllers/default.py: 0
[2013-08-26 21:51:04] EDIT SSAD/views/default/post_link_2.html: 1
[2013-08-26 21:56:06] EDIT SSAD/controllers/default.py: 5
[2013-08-26 21:58:42] EDIT SSAD/views/default/post_link.html: 3
[2013-08-26 21:59:12] EDIT SSAD/controllers/default.py: 0
[2013-08-26 21:59:33] EDIT SSAD/views/default/post_link.html: 1
[2013-08-26 22:00:24] EDIT SSAD/models/db.py: 0
[2013-08-26 22:02:52] EDIT SSAD/models/db.py: 0
[2013-08-26 22:07:05] EDIT SSAD/models/db.py: 0
[2013-08-26 22:07:27] EDIT SSAD/models/db.py: 0
[2013-08-26 22:08:34] EDIT SSAD/models/db.py: 0
[2013-08-26 22:09:20] EDIT SSAD/controllers/default.py: 2
[2013-08-26 22:14:49] EDIT SSAD/controllers/default.py: -2
[2013-08-26 22:17:21] EDIT SSAD/models/db.py: 0
[2013-08-26 22:17:27] EDIT SSAD/controllers/default.py: 0
[2013-08-26 22:18:11] EDIT SSAD/controllers/default.py: 0
[2013-08-27 19:47:37] EDIT SSAD/views/default/index.html: 0
[2013-08-27 19:49:01] EDIT SSAD/controllers/default.py: 1
[2013-08-27 19:49:17] EDIT SSAD/views/default/index.html: 2
[2013-08-27 19:49:57] EDIT SSAD/controllers/default.py: 0
[2013-08-27 19:50:00] EDIT SSAD/views/default/index.html: 0
[2013-08-27 19:50:23] EDIT SSAD/controllers/default.py: 0
[2013-08-27 19:51:01] EDIT SSAD/controllers/default.py: 0
[2013-08-27 19:51:21] EDIT SSAD/views/default/index.html: -1
[2013-08-27 19:51:36] EDIT SSAD/views/default/index.html: 1
[2013-08-27 19:52:57] EDIT SSAD/controllers/default.py: 0
[2013-08-27 19:57:00] EDIT SSAD/views/default/index.html: 4
[2013-08-27 19:58:14] EDIT SSAD/views/default/index.html: 0
[2013-08-27 19:58:29] EDIT SSAD/views/default/index.html: 2
[2013-08-27 19:58:44] EDIT SSAD/views/default/index.html: 1
[2013-08-27 19:58:59] EDIT SSAD/views/default/index.html: 0
[2013-08-27 20:00:07] EDIT SSAD/controllers/default.py: 1
[2013-08-27 20:01:17] EDIT SSAD/views/default/index.html: 0
[2013-08-27 20:01:29] EDIT SSAD/controllers/default.py: 2
[2013-08-27 20:02:36] EDIT SSAD/controllers/default.py: 2
[2013-08-27 20:02:41] EDIT SSAD/views/default/index.html: 0
[2013-08-27 20:03:00] CREATE default/display.html: 0
[2013-08-27 20:03:11] EDIT SSAD/views/default/display.html: -1
[2013-08-27 20:03:17] EDIT SSAD/controllers/default.py: 0
[2013-08-27 20:04:08] EDIT SSAD/models/db.py: 0
[2013-08-27 20:04:56] EDIT SSAD/controllers/default.py: 0
[2013-08-27 20:11:40] EDIT SSAD/models/db.py: 0
[2013-08-27 20:11:52] EDIT SSAD/models/db.py: 0
[2013-08-27 20:55:55] EDIT SSAD/models/db.py: 0
[2013-08-27 20:56:52] EDIT SSAD/models/db.py: 0
[2013-08-27 20:56:57] EDIT SSAD/models/db.py: 0
[2013-08-27 20:58:32] EDIT SSAD/views/default/display.html: 8
[2013-08-27 20:58:37] EDIT SSAD/views/default/display.html: 1
[2013-08-27 20:59:03] EDIT SSAD/views/default/display.html: 0
[2013-08-27 20:59:36] EDIT SSAD/views/default/display.html: -1
[2013-08-27 21:00:11] EDIT SSAD/views/default/display.html: 0
[2013-08-27 21:02:09] EDIT SSAD/views/default/display.html: -1
[2013-08-27 21:03:54] EDIT SSAD/views/default/display.html: 0
[2013-08-27 21:04:38] EDIT SSAD/controllers/default.py: 1
[2013-08-27 21:04:48] EDIT SSAD/controllers/default.py: 0
[2013-08-27 21:08:10] EDIT SSAD/views/default/display.html: 3
[2013-08-27 21:08:29] EDIT SSAD/views/default/display.html: 0
[2013-08-27 21:11:00] EDIT SSAD/views/default/display.html: 1
[2013-08-27 21:11:03] EDIT SSAD/views/default/display.html: 0
[2013-08-27 21:11:30] EDIT SSAD/views/default/display.html: 0
[2013-08-27 21:11:48] EDIT SSAD/views/default/display.html: 1
[2013-08-27 21:14:14] EDIT SSAD/views/default/display.html: -4
[2013-08-27 21:14:46] EDIT SSAD/views/default/display.html: 1
[2013-08-27 21:14:58] EDIT SSAD/views/default/display.html: 0
[2013-08-27 21:15:18] EDIT SSAD/views/default/display.html: 0
[2013-08-27 21:18:15] EDIT SSAD/views/default/display.html: 5
[2013-08-27 21:18:46] EDIT SSAD/views/default/display.html: 1
[2013-08-27 21:19:34] EDIT SSAD/views/default/display.html: 2
[2013-08-27 21:19:42] EDIT SSAD/views/default/display.html: -1
[2013-08-27 21:19:48] EDIT SSAD/views/default/display.html: -1
[2013-08-27 21:34:44] EDIT SSAD/controllers/default.py: -1
[2013-08-27 21:38:39] EDIT SSAD/models/db.py: 0
[2013-08-28 00:05:33] EDIT SSAD/views/default/display.html: 2
[2013-08-28 00:05:56] EDIT SSAD/views/default/display.html: 0
[2013-08-28 00:06:48] EDIT SSAD/views/default/display.html: 2
[2013-08-28 00:11:15] EDIT SSAD/views/default/display.html: 0
[2013-08-28 00:13:48] EDIT SSAD/views/default/display.html: 6
[2013-08-28 00:16:26] EDIT SSAD/controllers/default.py: 2
[2013-08-28 00:17:00] EDIT SSAD/controllers/default.py: 4
[2013-08-28 00:18:16] EDIT SSAD/views/default/display.html: 1
[2013-08-28 00:19:22] EDIT SSAD/views/default/display.html: 0
[2013-08-28 00:19:37] EDIT SSAD/views/default/display.html: 1
[2013-08-28 00:19:59] EDIT SSAD/views/default/display.html: 0
[2013-08-28 00:21:05] EDIT SSAD/views/default/display.html: 0
[2013-08-28 00:23:19] EDIT SSAD/controllers/default.py: 7
[2013-08-28 00:23:50] EDIT SSAD/controllers/default.py: 1
[2013-08-28 00:24:13] EDIT SSAD/controllers/default.py: 0
[2013-08-28 00:24:37] EDIT SSAD/views/default/display.html: 0
[2013-08-28 00:25:16] EDIT SSAD/views/default/display.html: 1
[2013-08-28 00:27:58] EDIT SSAD/controllers/default.py: 0
[2013-08-28 00:28:56] EDIT SSAD/controllers/default.py: -2
[2013-08-28 00:29:07] CREATE default/like.html: 0
[2013-08-28 00:29:14] EDIT SSAD/views/default/like.html: -1
[2013-08-28 00:30:21] EDIT SSAD/controllers/default.py: 1
[2013-08-28 00:30:27] EDIT SSAD/controllers/default.py: 0
[2013-08-28 00:30:39] EDIT SSAD/views/default/like.html: 1
[2013-08-28 00:30:52] EDIT SSAD/views/default/like.html: -1
[2013-08-28 00:31:30] EDIT SSAD/controllers/default.py: 2
[2013-08-28 00:32:47] EDIT SSAD/views/default/like.html: 0
[2013-08-28 00:33:21] EDIT SSAD/controllers/default.py: 0
[2013-08-28 00:33:27] EDIT SSAD/views/default/like.html: 1
[2013-08-28 00:33:51] EDIT SSAD/controllers/default.py: 0
[2013-08-28 00:33:57] EDIT SSAD/views/default/like.html: 1
[2013-08-28 00:34:50] EDIT SSAD/views/default/like.html: -2
[2013-08-28 00:35:41] EDIT SSAD/controllers/default.py: 1
[2013-08-28 00:37:03] EDIT SSAD/controllers/default.py: 0
[2013-08-28 00:39:37] EDIT SSAD/models/db.py: 3
[2013-08-28 00:39:44] EDIT SSAD/models/db.py: 0
[2013-08-28 00:40:53] EDIT SSAD/models/db.py: 3
[2013-08-28 00:44:38] EDIT SSAD/controllers/default.py: 2
[2013-08-28 00:44:50] EDIT SSAD/controllers/default.py: 0
[2013-08-28 00:45:01] EDIT SSAD/controllers/default.py: -2
[2013-08-28 00:45:17] EDIT SSAD/controllers/default.py: 0
[2013-08-28 00:45:37] EDIT SSAD/models/db.py: 0
[2013-08-28 00:45:44] EDIT SSAD/controllers/default.py: 0
[2013-08-28 00:46:49] EDIT SSAD/controllers/default.py: 12
[2013-08-28 00:47:16] EDIT SSAD/controllers/default.py: 0
[2013-08-28 00:47:32] CREATE default/dislike.html: 0
[2013-08-28 00:47:40] EDIT SSAD/views/default/dislike.html: -1
[2013-08-28 00:52:52] EDIT SSAD/views/default/display.html: 4
[2013-08-28 00:53:11] EDIT SSAD/views/default/display.html: 0
[2013-08-28 00:55:03] EDIT SSAD/controllers/default.py: 6
[2013-08-28 00:55:19] CREATE default/comment.html: 0
[2013-08-28 00:57:35] EDIT SSAD/models/db.py: 4
[2013-08-28 00:57:42] EDIT SSAD/models/db.py: 0
[2013-08-28 01:00:01] EDIT SSAD/views/default/comment.html: 3
[2013-08-28 01:01:56] EDIT SSAD/controllers/default.py: 1
[2013-08-28 01:02:27] EDIT SSAD/views/default/comment.html: 2
[2013-08-28 01:04:52] EDIT SSAD/controllers/default.py: 6
[2013-08-28 01:05:15] EDIT SSAD/models/db.py: 0
[2013-08-28 01:05:40] EDIT SSAD/controllers/default.py: 0
[2013-08-28 01:05:56] EDIT SSAD/views/default/comment.html: 0
[2013-08-28 01:07:22] CREATE default/add_comment.html: 0
[2013-08-28 01:07:39] EDIT SSAD/views/default/add_comment.html: -1
[2013-08-28 15:52:59] EDIT SSAD/models/db.py: 2
[2013-08-28 15:57:02] EDIT SSAD/views/default/index.html: 1
[2013-08-28 15:58:48] EDIT SSAD/controllers/default.py: 1
[2013-08-28 15:59:09] EDIT SSAD/controllers/default.py: 1
[2013-08-28 16:03:40] EDIT SSAD/controllers/default.py: 6
[2013-08-28 16:04:00] EDIT SSAD/controllers/default.py: 1
[2013-08-28 16:05:02] CREATE defaule/view_posts.html: 0
[2013-08-28 16:05:26] EDIT SSAD/views/defaule/view_posts.html: -1
[2013-08-28 16:06:33] EDIT SSAD/controllers/default.py: 0
[2013-08-28 16:08:14] EDIT SSAD/views/defaule/view_posts.html: 1
[2013-08-28 16:08:47] EDIT SSAD/controllers/default.py: 0
[2013-08-28 16:09:08] EDIT SSAD/controllers/default.py: 0
[2013-08-28 16:12:25] EDIT SSAD/controllers/default.py: 0
[2013-08-28 16:13:38] EDIT SSAD/views/default/display.html: 1
[2013-08-28 16:14:02] EDIT SSAD/views/default/display.html: 0
[2013-08-28 16:14:06] EDIT SSAD/views/defaule/view_posts.html: 4
[2013-08-28 16:14:37] EDIT SSAD/views/defaule/view_posts.html: 1
[2013-08-28 16:16:14] EDIT SSAD/views/defaule/view_posts.html: 6
[2013-08-28 16:16:33] EDIT SSAD/views/defaule/view_posts.html: 0
[2013-08-28 16:17:18] CREATE default/view_posts.html: 0
[2013-08-28 16:17:25] EDIT SSAD/views/default/view_posts.html: 11
[2013-08-28 16:17:53] EDIT SSAD/views/default/view_posts.html: 0
[2013-08-28 16:22:23] EDIT SSAD/views/default/view_posts.html: 2
[2013-08-28 16:22:38] EDIT SSAD/views/default/view_posts.html: 0
[2013-08-28 16:38:47] EDIT SSAD/controllers/default.py: 7
[2013-08-28 16:39:02] DELETE SSAD/views/defaule/view_posts.html: -14
[2013-08-28 16:39:20] CREATE default/edit_post.html: 0
[2013-08-28 16:39:30] EDIT SSAD/views/default/edit_post.html: -1
[2013-08-28 16:42:10] EDIT SSAD/views/default/edit_post.html: 8
[2013-08-28 16:42:20] EDIT SSAD/views/default/edit_post.html: 1
[2013-08-28 16:42:51] EDIT SSAD/views/default/edit_post.html: 0
[2013-08-28 16:44:16] EDIT SSAD/views/default/edit_post.html: 0
[2013-08-28 16:45:16] EDIT SSAD/views/default/view_posts.html: 0
[2013-08-28 16:45:46] EDIT SSAD/controllers/default.py: 1
[2013-08-28 16:46:53] EDIT SSAD/controllers/default.py: 4
[2013-08-28 16:47:01] EDIT SSAD/views/default/edit_post.html: 0
[2013-08-28 16:47:19] EDIT SSAD/controllers/default.py: 0
[2013-08-28 16:47:58] EDIT SSAD/views/default/edit_post.html: 1
[2013-08-28 16:48:59] EDIT SSAD/controllers/default.py: 4
[2013-08-28 16:50:12] EDIT SSAD/controllers/default.py: 3
[2013-08-28 16:51:59] EDIT SSAD/views/default/edit_post.html: 1
[2013-08-28 16:53:33] EDIT SSAD/controllers/default.py: 2
[2013-08-28 16:53:40] EDIT SSAD/views/default/edit_post.html: 0
[2013-08-28 16:53:49] EDIT SSAD/views/default/edit_post.html: 0
[2013-08-28 16:54:29] EDIT SSAD/controllers/default.py: 0
[2013-08-28 16:55:09] EDIT SSAD/controllers/default.py: 1
[2013-08-28 16:55:48] CREATE default/edit_post_2.html: 0
[2013-08-28 16:56:07] EDIT SSAD/views/default/edit_post_2.html: -1
[2013-08-28 23:48:00] EDIT SSAD/controllers/default.py: 3
[2013-08-28 23:48:09] EDIT SSAD/controllers/default.py: -2
[2013-08-28 23:49:39] EDIT SSAD/views/default/display.html: 0
[2013-08-28 23:50:56] EDIT SSAD/views/default/display.html: 0
[2013-08-28 23:52:10] EDIT SSAD/controllers/default.py: -1
[2013-08-28 23:52:32] EDIT SSAD/views/default/display.html: 0
[2013-08-28 23:55:58] EDIT SSAD/controllers/default.py: 6
[2013-08-28 23:56:45] CREATE default/del_post.html: 0
[2013-08-28 23:56:59] EDIT SSAD/views/default/del_post.html: -1
[2013-08-28 23:58:12] EDIT SSAD/controllers/default.py: 5
[2013-08-28 23:58:21] EDIT SSAD/controllers/default.py: 0
[2013-08-28 23:59:03] EDIT SSAD/controllers/default.py: 1
[2013-08-28 23:59:53] EDIT SSAD/controllers/default.py: 1
[2013-08-29 00:04:20] EDIT SSAD/views/default/display.html: 0
[2013-08-29 00:07:43] EDIT SSAD/models/db.py: 1
[2013-08-29 00:07:52] EDIT SSAD/models/db.py: 0
[2013-08-29 01:46:05] EDIT SSAD/models/db.py: -1
[2013-08-29 01:48:34] EDIT SSAD/models/db.py: 0
[2013-08-29 01:53:24] EDIT SSAD/controllers/default.py: 1
[2013-08-29 01:53:38] EDIT SSAD/controllers/default.py: 0
[2013-08-29 01:53:54] EDIT SSAD/controllers/default.py: 0
[2013-08-29 01:57:17] EDIT SSAD/views/default/like.html: 1
[2013-08-29 01:57:47] EDIT SSAD/views/default/like.html: 0
[2013-08-29 01:58:33] EDIT SSAD/views/default/like.html: 3
[2013-08-29 01:58:36] EDIT SSAD/views/default/like.html: 0
[2013-08-29 01:59:00] EDIT SSAD/views/default/like.html: 0
[2013-08-29 01:59:34] EDIT SSAD/views/default/like.html: -3
[2013-08-29 02:00:49] EDIT SSAD/controllers/default.py: 3
[2013-08-29 02:01:28] EDIT SSAD/controllers/default.py: 3
[2013-08-29 02:01:49] EDIT SSAD/controllers/default.py: 1
[2013-08-29 02:02:02] EDIT SSAD/controllers/default.py: 0
[2013-08-29 02:02:24] EDIT SSAD/views/default/like.html: -1
[2013-08-29 02:02:53] EDIT SSAD/controllers/default.py: 0
[2013-08-29 02:03:01] EDIT SSAD/views/default/like.html: 1
[2013-08-29 02:03:46] EDIT SSAD/controllers/default.py: 0
[2013-08-29 02:04:34] EDIT SSAD/controllers/default.py: 0
[2013-08-29 02:04:40] EDIT SSAD/views/default/like.html: -1
[2013-08-29 02:05:35] EDIT SSAD/controllers/default.py: 0
[2013-08-29 02:06:02] EDIT SSAD/controllers/default.py: 1
[2013-08-29 02:06:57] EDIT SSAD/controllers/default.py: 1
[2013-08-29 02:07:13] EDIT SSAD/controllers/default.py: 1
[2013-08-29 02:07:46] EDIT SSAD/controllers/default.py: 0
[2013-08-29 02:07:55] EDIT SSAD/controllers/default.py: 0
[2013-08-29 02:08:18] EDIT SSAD/controllers/default.py: -2
[2013-08-29 02:08:35] EDIT SSAD/controllers/default.py: -1
[2013-08-29 02:09:06] EDIT SSAD/views/default/like.html: 3
[2013-08-29 02:10:47] EDIT SSAD/models/db.py: 0
[2013-08-29 02:11:25] EDIT SSAD/controllers/default.py: 0
[2013-08-29 02:12:42] EDIT SSAD/controllers/default.py: -5
[2013-08-29 02:13:23] EDIT SSAD/views/default/like.html: 1
[2013-08-29 02:15:15] EDIT SSAD/controllers/default.py: 0
[2013-08-29 02:16:03] EDIT SSAD/controllers/default.py: 0
[2013-08-29 02:16:29] EDIT SSAD/views/default/like.html: -3
[2013-08-29 02:16:58] EDIT SSAD/controllers/default.py: 5
[2013-08-29 02:19:26] EDIT SSAD/controllers/default.py: 0
[2013-08-29 02:19:59] EDIT SSAD/views/default/like.html: -1
[2013-08-29 02:21:54] EDIT SSAD/controllers/default.py: 4
[2013-08-29 02:23:17] EDIT SSAD/controllers/default.py: 1
[2013-08-29 02:23:51] EDIT SSAD/controllers/default.py: 2
[2013-08-29 02:23:55] EDIT SSAD/controllers/default.py: 0
[2013-08-29 02:25:15] EDIT SSAD/controllers/default.py: 2
[2013-08-29 02:25:28] EDIT SSAD/views/default/dislike.html: 0
[2013-08-29 02:31:09] EDIT SSAD/controllers/default.py: 4
[2013-08-29 02:31:29] EDIT SSAD/controllers/default.py: 0
[2013-08-29 02:36:27] EDIT SSAD/controllers/default.py: 6
[2013-08-29 02:36:40] EDIT SSAD/controllers/default.py: 0
[2013-08-29 02:37:26] EDIT SSAD/controllers/default.py: 0
[2013-08-29 02:37:35] EDIT SSAD/views/default/dislike.html: 0
[2013-08-29 02:39:07] EDIT SSAD/controllers/default.py: 0
[2013-08-29 02:42:34] EDIT SSAD/controllers/default.py: 11
[2013-08-29 02:42:45] EDIT SSAD/controllers/default.py: 0
[2013-08-29 02:43:02] EDIT SSAD/controllers/default.py: 0
[2013-08-29 02:43:32] EDIT SSAD/controllers/default.py: 0
[2013-08-29 02:44:30] EDIT SSAD/controllers/default.py: 0
[2013-08-29 15:45:40] EDIT SSAD/models/db.py: 1
[2013-08-29 16:10:21] EDIT SSAD/controllers/default.py: 2
[2013-08-29 16:10:43] EDIT SSAD/controllers/default.py: 1
[2013-08-29 16:11:42] EDIT SSAD/controllers/default.py: 3
[2013-08-29 16:12:05] EDIT SSAD/controllers/default.py: 0
[2013-08-29 16:15:08] EDIT SSAD/controllers/default.py: 0
[2013-08-29 16:16:07] EDIT SSAD/controllers/default.py: 6
[2013-08-29 16:16:20] EDIT SSAD/controllers/default.py: 0
[2013-08-29 16:16:54] EDIT SSAD/controllers/default.py: 1
[2013-08-29 16:17:34] EDIT SSAD/controllers/default.py: 0
[2013-08-29 16:21:20] EDIT SSAD/controllers/default.py: 3
[2013-08-29 16:25:00] EDIT SSAD/controllers/default.py: -7
[2013-08-29 16:26:35] EDIT SSAD/controllers/default.py: 1
[2013-08-29 16:27:01] EDIT SSAD/controllers/default.py: 0
[2013-08-29 16:28:29] EDIT SSAD/controllers/default.py: 8
[2013-08-29 16:28:42] EDIT SSAD/controllers/default.py: 0
[2013-08-29 16:33:00] EDIT SSAD/controllers/default.py: 0
[2013-08-29 16:33:56] EDIT SSAD/controllers/default.py: 1
[2013-08-29 16:34:35] EDIT SSAD/controllers/default.py: 1
[2013-08-29 16:35:48] EDIT SSAD/controllers/default.py: 0
[2013-08-29 16:36:44] EDIT SSAD/controllers/default.py: 1
[2013-08-29 16:38:18] EDIT SSAD/controllers/default.py: 0
[2013-08-29 16:39:07] EDIT SSAD/controllers/default.py: 1
[2013-08-29 16:42:43] EDIT SSAD/controllers/default.py: 2
[2013-08-29 16:47:27] EDIT SSAD/controllers/default.py: 0
[2013-08-29 16:47:38] EDIT SSAD/controllers/default.py: 0
[2013-08-29 17:03:54] EDIT SSAD/controllers/default.py: 0
[2013-08-29 17:16:44] EDIT SSAD/views/default/display.html: 1
[2013-08-29 17:16:56] EDIT SSAD/views/default/display.html: 2
[2013-08-29 17:17:26] EDIT SSAD/controllers/default.py: 1
[2013-08-29 17:17:42] EDIT SSAD/controllers/default.py: 1
[2013-08-29 17:17:56] EDIT SSAD/controllers/default.py: 1
[2013-08-29 17:19:32] EDIT SSAD/views/default/like.html: 4
[2013-08-29 17:20:14] EDIT SSAD/controllers/default.py: 0
[2013-08-29 17:20:48] EDIT SSAD/views/default/like.html: 0
[2013-08-29 17:21:29] EDIT SSAD/views/default/like.html: 0
[2013-08-29 17:21:45] EDIT SSAD/views/default/like.html: 1
[2013-08-29 17:22:16] EDIT SSAD/views/default/like.html: -1
[2013-08-29 17:22:36] EDIT SSAD/views/default/dislike.html: 4
[2013-08-29 17:22:53] EDIT SSAD/controllers/default.py: 0
[2013-08-29 17:24:36] EDIT SSAD/views/default/add_comment.html: 4
[2013-08-29 17:25:16] EDIT SSAD/controllers/default.py: 0
[2013-08-29 17:25:27] EDIT SSAD/controllers/default.py: 0
[2013-08-29 17:26:12] EDIT SSAD/views/default/add_comment.html: 0
[2013-08-29 17:27:44] EDIT SSAD/controllers/default.py: 0
[2013-08-29 17:28:06] EDIT SSAD/controllers/default.py: 0
[2013-08-29 17:28:44] EDIT SSAD/controllers/default.py: 0
[2013-08-29 17:29:31] EDIT SSAD/views/default/comment.html: 1
[2013-08-29 17:31:46] EDIT SSAD/controllers/default.py: 1
[2013-08-29 21:08:23] EDIT SSAD/views/default/index.html: 0
[2013-08-29 21:16:59] EDIT SSAD/controllers/default.py: 1
[2013-08-29 21:17:08] EDIT SSAD/controllers/default.py: 0
[2013-08-29 21:17:44] EDIT SSAD/controllers/default.py: -2
[2013-08-29 21:19:08] EDIT SSAD/controllers/default.py: 0
[2013-08-30 03:15:15] EDIT SSAD/views/default/display.html: 0
[2013-08-30 03:15:40] EDIT SSAD/views/default/display.html: 0
[2013-08-30 03:15:57] EDIT SSAD/views/default/display.html: 0
[2013-08-30 03:16:24] EDIT SSAD/views/default/display.html: 0
[2013-08-30 03:16:45] EDIT SSAD/views/default/display.html: 0
[2013-08-30 03:19:18] EDIT SSAD/controllers/default.py: 42
[2013-08-30 03:20:17] EDIT SSAD/controllers/default.py: 0
[2013-08-30 03:21:43] EDIT SSAD/views/default/display.html: 0
[2013-08-30 03:24:17] EDIT SSAD/controllers/default.py: 0
[2013-08-30 03:26:14] EDIT SSAD/views/default/display.html: 0
[2013-08-30 03:27:28] EDIT SSAD/views/default/display.html: 2
[2013-08-30 03:28:46] EDIT SSAD/controllers/default.py: 0
[2013-08-30 03:29:00] EDIT SSAD/controllers/default.py: 0
[2013-08-30 03:29:08] EDIT SSAD/controllers/default.py: 0
[2013-08-30 03:29:12] EDIT SSAD/views/default/display.html: 0
[2013-08-30 03:31:00] EDIT SSAD/controllers/default.py: 0
[2013-08-30 03:31:13] EDIT SSAD/views/default/display.html: 0
[2013-08-30 03:32:05] EDIT SSAD/views/default/index.html: 0
[2013-08-30 03:32:32] EDIT SSAD/views/default/display.html: 0
[2013-08-30 03:32:35] EDIT SSAD/controllers/default.py: 0
[2013-08-30 03:35:46] EDIT SSAD/controllers/default.py: 38
[2013-08-30 03:35:50] EDIT SSAD/controllers/default.py: 0
[2013-08-30 03:35:52] EDIT SSAD/views/default/display.html: 0
[2013-08-30 03:41:00] EDIT SSAD/controllers/default.py: 2
[2013-08-30 03:41:04] EDIT SSAD/controllers/default.py: 0
[2013-08-30 03:41:05] EDIT SSAD/controllers/default.py: 0
[2013-08-30 03:41:35] EDIT SSAD/controllers/default.py: 2
[2013-08-30 03:41:37] EDIT SSAD/controllers/default.py: 0
[2013-08-30 03:43:52] EDIT SSAD/controllers/default.py: 0
[2013-08-30 03:43:57] EDIT SSAD/controllers/default.py: 0
[2013-08-30 03:44:19] EDIT SSAD/controllers/default.py: 0
[2013-08-30 03:44:19] EDIT SSAD/controllers/default.py: 0
[2013-08-30 03:46:12] EDIT SSAD/views/default/display.html: 0
[2013-08-30 03:47:04] EDIT SSAD/views/default/index.html: 0
[2013-08-30 03:52:41] EDIT SSAD/controllers/default.py: 0
[2013-08-30 03:52:41] EDIT SSAD/controllers/default.py: 0
[2013-08-30 03:55:36] EDIT SSAD/views/default/index.html: 0
[2013-08-30 03:55:49] EDIT SSAD/views/default/display.html: 0
[2013-08-30 03:56:06] EDIT SSAD/controllers/default.py: 0
[2013-08-30 03:56:07] EDIT SSAD/controllers/default.py: 0
[2013-08-30 03:57:40] EDIT SSAD/controllers/default.py: 0
[2013-08-30 03:57:56] EDIT SSAD/views/default/index.html: 0
[2013-08-30 03:58:44] EDIT SSAD/controllers/default.py: 0
[2013-08-30 03:58:45] EDIT SSAD/controllers/default.py: 0
[2013-08-30 03:58:49] EDIT SSAD/views/default/display.html: 0
[2013-08-30 03:58:50] EDIT SSAD/views/default/display.html: 0
[2013-08-30 03:58:52] EDIT SSAD/views/default/index.html: 0
[2013-08-30 03:58:52] EDIT SSAD/views/default/index.html: 0
[2013-08-30 04:06:37] EDIT SSAD/controllers/default.py: -84
[2013-08-30 04:19:47] EDIT SSAD/controllers/default.py: 2
[2013-08-30 04:19:55] EDIT SSAD/controllers/default.py: 0
[2013-08-30 04:20:14] EDIT SSAD/views/default/view_posts.html: 1
[2013-08-30 04:20:56] EDIT SSAD/controllers/default.py: 1
[2013-08-30 04:21:08] EDIT SSAD/controllers/default.py: 0
[2013-08-30 04:21:57] EDIT SSAD/controllers/default.py: 0
[2013-08-30 04:23:38] EDIT SSAD/controllers/default.py: 0
[2013-08-30 04:25:27] EDIT SSAD/views/default/view_posts.html: -1
[2013-08-30 04:28:06] EDIT SSAD/controllers/default.py: 0
[2013-08-30 04:33:42] EDIT SSAD/controllers/default.py: 1
[2013-08-30 04:34:03] EDIT SSAD/controllers/default.py: 0
[2013-08-30 04:37:19] EDIT SSAD/views/default/view_posts.html: 13
[2013-08-30 04:39:49] EDIT SSAD/views/default/view_posts.html: 4
[2013-08-30 04:40:03] EDIT SSAD/views/default/view_posts.html: 0
[2013-08-30 04:40:47] EDIT SSAD/views/default/view_posts.html: 2
[2013-08-30 04:40:55] EDIT SSAD/views/default/view_posts.html: 0
[2013-08-30 04:41:11] EDIT SSAD/views/default/view_posts.html: 0
[2013-08-30 04:41:56] EDIT SSAD/views/default/view_posts.html: 0
[2013-08-30 04:42:32] EDIT SSAD/views/default/view_posts.html: 0
[2013-08-30 04:43:01] EDIT SSAD/views/default/view_posts.html: 0
[2013-08-30 04:43:31] EDIT SSAD/views/default/view_posts.html: 0
[2013-08-30 04:43:50] EDIT SSAD/views/default/view_posts.html: 0
[2013-08-30 04:44:22] EDIT SSAD/views/default/view_posts.html: 1
[2013-08-30 04:44:54] EDIT SSAD/views/default/view_posts.html: 1
[2013-08-30 04:45:16] EDIT SSAD/views/default/view_posts.html: 0
[2013-08-30 04:45:29] EDIT SSAD/views/default/view_posts.html: 0
[2013-08-30 04:45:43] EDIT SSAD/views/default/view_posts.html: 0
[2013-08-30 04:50:22] EDIT SSAD/controllers/default.py: 3
[2013-08-30 04:50:55] EDIT SSAD/controllers/default.py: 0
[2013-08-30 04:52:07] EDIT SSAD/controllers/default.py: 0
[2013-08-30 04:53:07] EDIT SSAD/views/default/display.html: 21
[2013-08-30 12:10:22] EDIT SSAD/controllers/default.py: 6
[2013-08-30 12:11:15] EDIT SSAD/views/default/admin.html: 0
[2013-08-30 12:12:56] EDIT SSAD/controllers/default.py: 4
[2013-08-30 12:15:49] EDIT SSAD/controllers/default.py: 13
[2013-08-30 12:16:33] EDIT SSAD/controllers/default.py: -9
[2013-08-30 12:23:57] EDIT SSAD/controllers/default.py: 0
[2013-08-30 12:24:06] EDIT SSAD/controllers/default.py: 0
[2013-08-30 12:28:19] EDIT SSAD/controllers/default.py: 10
[2013-08-30 12:28:30] EDIT SSAD/controllers/default.py: 0
[2013-08-30 12:28:51] EDIT SSAD/controllers/default.py: 0
[2013-08-30 12:29:29] EDIT SSAD/controllers/default.py: 3
[2013-08-30 12:31:18] EDIT SSAD/controllers/default.py: 0
[2013-08-30 12:32:14] EDIT SSAD/views/default/admin.html: 0
[2013-08-30 12:32:18] EDIT SSAD/controllers/default.py: 0
[2013-08-30 12:32:49] EDIT SSAD/controllers/default.py: 0
[2013-08-30 12:33:38] CREATE default/delete_post_admin_1.html: 0
[2013-08-30 12:33:45] EDIT SSAD/views/default/delete_post_admin_1.html: -1
[2013-08-30 12:33:52] EDIT SSAD/views/default/delete_post_admin_1.html: 0
[2013-08-30 12:35:56] EDIT SSAD/controllers/default.py: 0
[2013-08-30 12:36:26] EDIT SSAD/controllers/default.py: 1
[2013-08-30 12:36:53] EDIT SSAD/controllers/default.py: 1
[2013-08-30 12:36:58] EDIT SSAD/controllers/default.py: -1
[2013-08-30 12:38:10] EDIT SSAD/controllers/default.py: 0
[2013-08-30 12:38:23] EDIT SSAD/controllers/default.py: -3
[2013-08-30 12:38:46] EDIT SSAD/controllers/default.py: 0
[2013-08-30 12:39:08] CREATE default/delete_post_admin.html: 0
[2013-08-30 12:39:21] EDIT SSAD/views/default/delete_post_admin.html: -1
[2013-08-30 12:42:05] EDIT SSAD/controllers/default.py: 0
[2013-08-30 12:44:32] EDIT SSAD/views/default/delete_post_admin.html: 1
[2013-08-30 12:45:09] EDIT SSAD/views/default/delete_post_admin.html: 1
[2013-08-30 12:49:12] EDIT SSAD/views/default/view_posts.html: 5
[2013-08-30 12:52:11] EDIT SSAD/controllers/default.py: 1
[2013-08-30 12:52:36] EDIT SSAD/controllers/default.py: -1
[2013-08-30 13:21:41] EDIT SSAD/controllers/default.py: 3
[2013-08-30 13:22:09] EDIT SSAD/controllers/default.py: 0
[2013-08-30 13:24:14] EDIT SSAD/views/default/display.html: 1
[2013-08-30 13:24:50] EDIT SSAD/views/default/display.html: 0
[2013-08-30 13:25:05] EDIT SSAD/views/default/display.html: 0
[2013-08-30 13:26:35] EDIT SSAD/views/default/display.html: 0
[2013-08-30 13:26:49] EDIT SSAD/controllers/default.py: 0
[2013-08-30 13:26:56] EDIT SSAD/views/default/display.html: 0
[2013-08-30 13:37:00] EDIT SSAD/controllers/default.py: 2
[2013-08-30 13:37:31] EDIT SSAD/controllers/default.py: 2
[2013-08-30 13:37:49] EDIT SSAD/controllers/default.py: 2
[2013-08-30 13:39:41] EDIT SSAD/models/db.py: 1
[2013-08-30 13:40:46] EDIT SSAD/views/default/post_link.html: 1
[2013-08-30 13:41:16] EDIT SSAD/controllers/default.py: 1
[2013-08-30 13:42:03] EDIT SSAD/controllers/default.py: 3
[2013-08-30 13:43:02] EDIT SSAD/views/default/post_link.html: 0
[2013-08-30 13:43:45] EDIT SSAD/views/default/post_link.html: 0
[2013-08-30 13:44:02] EDIT SSAD/views/default/post_link.html: 0
[2013-08-30 13:52:00] EDIT SSAD/views/default/view_posts.html: 4
[2013-08-30 13:53:15] EDIT SSAD/views/default/view_posts.html: 0
[2013-08-30 13:54:53] EDIT SSAD/views/default/view_posts.html: 0
[2013-09-01 01:20:44] EDIT SSAD/views/default/display.html: 4
[2013-09-01 01:21:10] EDIT SSAD/views/default/display.html: -1
[2013-09-01 01:21:43] EDIT SSAD/views/default/display.html: 2
[2013-09-01 01:29:12] EDIT SSAD/views/default/view_posts.html: 1
[2013-09-01 01:29:31] EDIT SSAD/views/default/view_posts.html: 0
[2013-09-01 01:29:43] EDIT SSAD/views/default/display.html: 0
[2013-09-01 01:31:25] EDIT SSAD/views/default/view_posts.html: 0
[2013-09-01 01:31:32] EDIT SSAD/views/default/display.html: 0
[2013-09-01 01:32:14] EDIT SSAD/views/default/view_posts.html: 0
[2013-09-01 01:33:01] EDIT SSAD/views/default/view_posts.html: 1
[2013-09-01 01:33:35] EDIT SSAD/views/default/view_posts.html: 0
[2013-09-01 01:33:57] EDIT SSAD/views/default/view_posts.html: 0
[2013-09-01 01:35:12] EDIT SSAD/views/default/view_posts.html: 0
[2013-09-01 01:35:31] EDIT SSAD/views/default/view_posts.html: 0
[2013-09-01 01:35:54] EDIT SSAD/views/default/view_posts.html: 0
[2013-09-01 01:37:52] EDIT SSAD/views/default/display.html: 0
[2013-09-01 01:41:07] EDIT SSAD/views/default/del_post.html: 3
[2013-09-01 01:41:32] EDIT SSAD/views/default/del_post.html: 0
[2013-09-01 01:43:11] EDIT SSAD/controllers/default.py: 2
[2013-09-01 01:44:20] EDIT SSAD/controllers/default.py: 1
[2013-09-01 01:44:38] EDIT SSAD/controllers/default.py: 0
[2013-09-01 01:50:51] EDIT SSAD/views/default/view_posts.html: 0
[2013-09-01 01:51:21] EDIT SSAD/views/default/view_posts.html: 0
[2013-09-01 16:00:35] EDIT SSAD/views/default/display.html: 8
[2013-09-01 16:02:05] EDIT SSAD/views/default/display.html: 0
[2013-09-01 16:02:56] EDIT SSAD/views/default/display.html: 0
[2013-09-01 16:03:32] EDIT SSAD/views/default/display.html: 0
[2013-09-01 16:03:52] EDIT SSAD/views/default/display.html: 1
[2013-09-01 16:04:51] EDIT SSAD/views/default/display.html: 0
[2013-09-01 16:05:39] EDIT SSAD/views/default/display.html: 0
[2013-09-01 16:06:12] EDIT SSAD/views/default/display.html: 1
[2013-09-01 16:07:10] EDIT SSAD/views/default/display.html: -1
[2013-09-01 16:07:19] EDIT SSAD/views/default/display.html: 1
[2013-09-01 16:07:41] EDIT SSAD/views/default/display.html: 0
[2013-09-01 16:08:02] EDIT SSAD/views/default/display.html: 0
[2013-09-01 16:08:12] EDIT SSAD/views/default/display.html: 0
[2013-09-01 16:08:25] EDIT SSAD/views/default/display.html: 0
[2013-09-01 16:08:53] EDIT SSAD/views/default/display.html: 0
[2013-09-01 16:09:10] EDIT SSAD/views/default/display.html: 0
[2013-09-01 16:11:51] EDIT SSAD/views/default/display.html: 1
[2013-09-01 16:13:01] EDIT SSAD/views/default/display.html: -2
[2013-09-01 16:13:58] EDIT SSAD/views/default/display.html: 0
[2013-09-01 16:14:39] EDIT SSAD/views/default/display.html: 1
[2013-09-01 16:14:58] EDIT SSAD/views/default/display.html: 0
[2013-09-01 16:15:29] EDIT SSAD/views/default/display.html: 0
[2013-09-01 16:15:45] EDIT SSAD/views/default/display.html: 1
[2013-09-01 16:15:48] EDIT SSAD/views/default/display.html: 0
[2013-09-01 16:16:06] EDIT SSAD/views/default/display.html: 0
[2013-09-01 16:16:47] EDIT SSAD/views/default/display.html: 0
[2013-09-01 16:17:13] EDIT SSAD/views/default/display.html: 0
[2013-09-01 16:17:47] EDIT SSAD/views/default/display.html: 0
[2013-09-01 16:19:14] EDIT SSAD/views/default/display.html: -3
[2013-09-01 21:47:30] EDIT SSAD/views/default/admin.html: 0
[2013-09-01 21:47:53] CREATE default/admin_view_posts.html: 0
[2013-09-01 21:55:19] EDIT SSAD/controllers/default.py: 14
[2013-09-01 21:56:17] EDIT SSAD/controllers/default.py: 0
[2013-09-01 21:56:32] EDIT SSAD/views/default/admin_view_posts.html: 30
[2013-09-01 21:58:08] EDIT SSAD/views/default/admin_view_posts.html: 0
[2013-09-01 21:58:54] EDIT SSAD/views/default/admin_view_posts.html: 0
[2013-09-01 21:59:32] EDIT SSAD/views/default/admin_view_posts.html: 1
[2013-09-01 22:00:32] EDIT SSAD/views/default/admin_view_posts.html: 3
[2013-09-01 22:01:03] EDIT SSAD/views/default/admin_view_posts.html: 1
[2013-09-01 22:02:28] EDIT SSAD/controllers/default.py: 1
[2013-09-01 22:03:02] EDIT SSAD/views/default/del_post.html: 4
[2013-09-01 22:03:21] EDIT SSAD/views/default/del_post.html: 3
[2013-09-01 22:03:49] EDIT SSAD/controllers/default.py: 1
[2013-09-01 22:04:44] EDIT SSAD/views/default/del_post.html: 0
[2013-09-01 22:05:10] EDIT SSAD/controllers/default.py: 0
[2013-09-01 22:06:36] EDIT SSAD/views/default/admin_view_posts.html: 1
[2013-09-01 22:08:01] EDIT SSAD/controllers/default.py: 1
[2013-09-01 22:08:05] EDIT SSAD/views/default/admin_view_posts.html: 0
[2013-09-01 22:08:56] EDIT SSAD/views/default/view_posts.html: 1
[2013-09-01 22:09:09] EDIT SSAD/views/default/del_post.html: 0
[2013-09-01 22:09:11] EDIT SSAD/controllers/default.py: 0
[2013-09-01 22:10:15] EDIT SSAD/controllers/default.py: 0
[2013-09-01 22:10:53] EDIT SSAD/controllers/default.py: 1
[2013-09-01 22:12:19] EDIT SSAD/views/default/view_posts.html: -1
[2013-09-01 22:13:16] EDIT SSAD/views/default/view_posts.html: 0
[2013-09-01 22:15:02] EDIT SSAD/views/default/view_posts.html: 0
[2013-09-01 22:24:46] EDIT SSAD/views/default/view_posts.html: 1
[2013-09-01 22:25:14] EDIT SSAD/views/default/view_posts.html: -1
[2013-09-02 12:29:53] EDIT SSAD/controllers/default.py: 3
[2013-09-02 12:30:51] EDIT SSAD/controllers/default.py: 3
[2013-09-02 12:31:56] EDIT SSAD/controllers/default.py: 2
[2013-09-02 12:32:22] EDIT SSAD/controllers/default.py: 1
[2013-09-02 12:34:34] EDIT SSAD/controllers/default.py: 3
[2013-09-02 12:39:12] EDIT SSAD/controllers/default.py: 3
[2013-09-02 12:44:14] EDIT SSAD/controllers/default.py: 16
[2013-09-02 12:44:54] EDIT SSAD/controllers/default.py: 0
[2013-09-02 12:45:47] EDIT SSAD/controllers/default.py: 0
[2013-09-02 12:46:13] EDIT SSAD/controllers/default.py: -1
[2013-09-02 12:46:28] EDIT SSAD/controllers/default.py: 0
[2013-09-02 12:48:25] EDIT SSAD/controllers/default.py: 0
[2013-09-02 12:49:20] EDIT SSAD/controllers/default.py: 0
[2013-09-02 12:57:50] EDIT SSAD/controllers/default.py: 0
[2013-09-02 12:59:26] EDIT SSAD/controllers/default.py: 1
[2013-09-02 12:59:55] EDIT SSAD/controllers/default.py: 1
[2013-09-02 13:01:01] EDIT SSAD/controllers/default.py: -1
[2013-09-02 13:01:34] EDIT SSAD/controllers/default.py: 0
[2013-09-02 13:01:43] EDIT SSAD/controllers/default.py: -1
[2013-09-02 13:01:46] EDIT SSAD/controllers/default.py: 0
[2013-09-02 13:11:11] EDIT SSAD/controllers/default.py: 0
[2013-09-02 13:15:34] EDIT SSAD/controllers/default.py: 0
[2013-09-02 13:15:56] EDIT SSAD/controllers/default.py: 0
[2013-09-02 13:18:00] EDIT SSAD/controllers/default.py: 0
[2013-09-02 18:47:17] EDIT SSAD/models/db.py: 0
[2013-09-02 18:47:48] EDIT SSAD/models/db.py: 0
[2013-09-02 18:49:30] EDIT SSAD/models/db.py: 0
[2013-09-02 19:28:16] EDIT SSAD/views/default/view_posts.html: 10
[2013-09-02 19:28:52] EDIT SSAD/views/default/view_posts.html: 0
[2013-09-02 19:44:35] EDIT SSAD/controllers/default.py: 1
[2013-09-02 19:45:16] EDIT SSAD/controllers/default.py: 1
[2013-09-02 19:45:40] EDIT SSAD/controllers/default.py: 0
[2013-09-02 19:46:49] EDIT SSAD/views/default/view_posts.html: 0
[2013-09-02 19:46:55] EDIT SSAD/views/default/view_posts.html: 1
[2013-09-02 19:47:15] EDIT SSAD/views/default/view_posts.html: -1
[2013-09-02 19:47:25] EDIT SSAD/views/default/view_posts.html: 1
[2013-09-02 19:47:48] EDIT SSAD/controllers/default.py: 0
[2013-09-02 19:48:20] EDIT SSAD/controllers/default.py: 2
[2013-09-02 19:49:20] EDIT SSAD/controllers/default.py: 0
[2013-09-02 19:49:32] EDIT SSAD/controllers/default.py: 0
[2013-09-02 19:50:08] EDIT SSAD/controllers/default.py: -1
[2013-09-02 19:50:19] EDIT SSAD/controllers/default.py: -2
[2013-09-02 19:50:24] EDIT SSAD/controllers/default.py: -1
[2013-09-02 19:50:39] EDIT SSAD/views/default/view_posts.html: -1
[2013-09-02 19:53:24] EDIT SSAD/views/default/view_posts.html: 6
[2013-09-02 19:53:39] EDIT SSAD/views/default/view_posts.html: 0
[2013-09-02 19:56:15] EDIT SSAD/views/default/add_comment.html: 1
[2013-09-02 19:56:45] EDIT SSAD/views/default/add_comment.html: 2
[2013-09-02 19:57:44] EDIT SSAD/views/default/add_comment.html: 0
[2013-09-02 19:58:05] EDIT SSAD/views/default/add_comment.html: 0
[2013-09-02 19:58:13] EDIT SSAD/views/default/add_comment.html: 0
[2013-09-02 19:59:21] EDIT SSAD/views/default/add_comment.html: 0
[2013-09-02 19:59:35] EDIT SSAD/views/default/add_comment.html: 0
[2014-12-06 16:47:49] EDIT SSAD/controllers/default.py: 0
